opened convpng.ini

--- guiicons (C) ---
using built-in xlibc palette ...
warning: might ignore transparent color value for a fixed palette.
transparent color index : 0
transparent color : 0x0000
18:
 splash : converted!
 shipinterior_left : converted!
 shipinterior_right : converted!
 icon_shieldsstable : converted!
 icon_shieldscollapse : converted!
 icon_shieldsfail : converted!
 icon_shieldsoff : converted!
 icon_health : converted!
 icon_sourcemain : converted!
 icon_sourcereserve : converted!
 icon_powerdraw : converted!
 icon_powerspend : converted!
 icon_frequency : converted!
 deflected : converted!
 tactical_display : converted!
 mains_display : converted!
 icon_hullinteg : converted!
 icon_shieldinteg : converted!

--- moduleicons (C) ---
using built-in xlibc palette ...
warning: might ignore transparent color value for a fixed palette.
transparent color index : 0
transparent color : 0x0000
11:
 lifesupport : converted!
 core : converted!
 warpdrive : converted!
 engines : converted!
 navsens : converted!
 transporter : converted!
 shields : converted!
 armor : converted!
 phasers : converted!
 torpedo : converted!
 targsens : converted!

exporting appvar: trekgui.8xv
 splash
 shipinterior_left
 shipinterior_right
 icon_shieldsstable
 icon_shieldscollapse
 icon_shieldsfail
 icon_shieldsoff
 icon_health
 icon_sourcemain
 icon_sourcereserve
 icon_powerdraw
 icon_powerspend
 icon_frequency
 deflected
 tactical_display
 mains_display
 icon_hullinteg
 icon_shieldinteg
 lifesupport
 core
 warpdrive
 engines
 navsens
 transporter
 shields
 armor
 phasers
 torpedo
 targsens
compression: (50427 > 10113 bytes)

converted in 1 s

[warning] image quality might be too low.
please try grouping similar images, reducing image colors, 
or selecting a better palette if conversion is not ideal.

finished!
